<?xml version="1.0" encoding="UTF-8"?>
<!-- Generated by org.testng.reporters.JUnitXMLReporter -->
<testsuite hostname="BSL-BNG-L234" name="AvayaUI" tests="3" failures="0" timestamp="15 Dec 2018 10:45:38 GMT" time="0.036" errors="0">
  <testcase name="gmailLoginTest" time="0.011" classname="qa.testcases.Test3"/>
  <testcase name="facebookLoginTest" time="0.003" classname="qa.testcases.Test1"/>
  <testcase name="instaLoginTest" time="0.002" classname="qa.testcases.Test2"/>
</testsuite> <!-- AvayaUI -->
