<?xml version="1.0" encoding="UTF-8"?>
<testng-results skipped="0" failed="0" total="1" passed="1">
  <reporter-output>
  </reporter-output>
  <suite name="Default suite" duration-ms="10332" started-at="2018-12-15T17:29:27Z" finished-at="2018-12-15T17:29:37Z">
    <groups>
    </groups>
    <test name="Default test" duration-ms="10332" started-at="2018-12-15T17:29:27Z" finished-at="2018-12-15T17:29:37Z">
      <class name="qa.testcases.TestEx">
        <test-method status="PASS" signature="test()[pri:0, instance:qa.testcases.TestEx@6d8a00e3]" name="test" duration-ms="10312" started-at="2018-12-15T22:59:27Z" finished-at="2018-12-15T22:59:37Z">
          <reporter-output>
          </reporter-output>
        </test-method> <!-- test -->
      </class> <!-- qa.testcases.TestEx -->
    </test> <!-- Default test -->
  </suite> <!-- Default suite -->
</testng-results>
